<?xml version="1.0" encoding="UTF-8"?>
<!DOCTYPE coverage SYSTEM "http://cobertura.sourceforge.net/xml/coverage-04.dtd">
<coverage line-rate="0.5" branch-rate="0" lines-covered="7" lines-valid="14" branches-covered="0" branches-valid="0" complexity="0" version="" timestamp="1632870783360">
	<packages>
		<package name="example.com/greetings" line-rate="0.5" branch-rate="0" complexity="0" line-count="14" line-hits="7">
			<classes>
				<class name="-" filename="greetings.go" line-rate="0.5" branch-rate="0" complexity="0" line-count="14" line-hits="7">
					<methods>
						<method name="Hello" signature="" line-rate="1" branch-rate="0" complexity="0" line-count="0" line-hits="0">
							<lines>
								<line number="13" hits="1"></line>
								<line number="14" hits="1"></line>
								<line number="17" hits="1"></line>
								<line number="18" hits="1"></line>
							</lines>
						</method>
						<method name="Hellos" signature="" line-rate="0" branch-rate="0" complexity="0" line-count="0" line-hits="0">
							<lines>
								<line number="25" hits="0"></line>
								<line number="28" hits="0"></line>
								<line number="29" hits="0"></line>
								<line number="30" hits="0"></line>
								<line number="31" hits="0"></line>
								<line number="35" hits="0"></line>
								<line number="37" hits="0"></line>
							</lines>
						</method>
						<method name="init" signature="" line-rate="1" branch-rate="0" complexity="0" line-count="0" line-hits="0">
							<lines>
								<line number="42" hits="1"></line>
							</lines>
						</method>
						<method name="randomFormat" signature="" line-rate="1" branch-rate="0" complexity="0" line-count="0" line-hits="0">
							<lines>
								<line number="49" hits="1"></line>
								<line number="56" hits="1"></line>
							</lines>
						</method>
					</methods>
					<lines>
						<line number="13" hits="1"></line>
						<line number="14" hits="1"></line>
						<line number="17" hits="1"></line>
						<line number="18" hits="1"></line>
						<line number="25" hits="0"></line>
						<line number="28" hits="0"></line>
						<line number="29" hits="0"></line>
						<line number="30" hits="0"></line>
						<line number="31" hits="0"></line>
						<line number="35" hits="0"></line>
						<line number="37" hits="0"></line>
						<line number="42" hits="1"></line>
						<line number="49" hits="1"></line>
						<line number="56" hits="1"></line>
					</lines>
				</class>
			</classes>
		</package>
	</packages>
	<sources>
		<source>/home/nathalia/Nath/hack/jenkinstest/greetings</source>
	</sources>
</coverage>
